code-creation,Stub,0x56160020,296,"JSEntryStub"
code-creation,Stub,0x56160160,296,"JSConstructEntryStub"
code-creation,Stub,0x561ca020,860,"CEntryStub"
code-creation,Builtin,0x561602a0,60,"Illegal"
code-creation,Builtin,0x561602e0,60,"EmptyFunction"
code-creation,Builtin,0x56160320,60,"ArrayCodeGeneric"
code-creation,Builtin,0x56160360,60,"ArrayPush"
code-creation,Builtin,0x561603a0,60,"ArrayPop"
code-creation,Builtin,0x561603e0,60,"ArrayShift"
code-creation,Builtin,0x56160420,60,"ArrayUnshift"
code-creation,Builtin,0x56160460,60,"ArraySlice"
code-creation,Builtin,0x561604a0,60,"ArraySplice"
code-creation,Builtin,0x561604e0,60,"ArrayConcat"
code-creation,Builtin,0x56160520,64,"HandleApiCall"
code-creation,Builtin,0x56160560,60,"FastHandleApiCall"
code-creation,Builtin,0x561605a0,64,"HandleApiCallConstruct"
code-creation,Builtin,0x561605e0,60,"HandleApiCallAsFunction"
code-creation,Builtin,0x56160620,60,"HandleApiCallAsConstructor"
code-creation,Builtin,0x56160660,60,"StrictArgumentsCallee"
code-creation,Builtin,0x561606a0,60,"StrictArgumentsCaller"
code-creation,Builtin,0x561606e0,60,"StrictFunctionCaller"
code-creation,Builtin,0x56160720,60,"StrictFunctionArguments"
code-creation,Builtin,0x56160760,196,"ArgumentsAdaptorTrampoline"
code-creation,Builtin,0x56160840,104,"JSConstructCall"
code-creation,Builtin,0x561608c0,608,"JSConstructStubCountdown"
code-creation,Builtin,0x56160b20,540,"JSConstructStubGeneric"
code-creation,Builtin,0x56160d40,508,"JSConstructStubApi"
code-creation,Builtin,0x56160f40,200,"JSEntryTrampoline"
code-creation,Builtin,0x56161020,164,"JSConstructEntryTrampoline"
code-creation,Builtin,0x561610e0,116,"LazyCompile"
code-creation,Builtin,0x56161160,116,"LazyRecompile"
code-creation,Builtin,0x561611e0,156,"NotifyDeoptimized"
code-creation,Builtin,0x56161280,156,"NotifyLazyDeoptimized"
code-creation,Builtin,0x56161320,108,"NotifyOSR"
code-creation,Builtin,0x561613a0,68,"LoadIC_Miss"
code-creation,Builtin,0x56161400,64,"KeyedLoadIC_Miss"
code-creation,Builtin,0x56161440,68,"StoreIC_Miss"
code-creation,Builtin,0x561614a0,64,"KeyedStoreIC_Miss"
code-creation,Builtin,0x561614e0,68,"LoadIC_Initialize"
code-creation,Builtin,0x56161540,68,"LoadIC_PreMonomorphic"
code-creation,Builtin,0x561615a0,304,"LoadIC_Normal"
code-creation,Builtin,0x561616e0,80,"LoadIC_ArrayLength"
code-creation,Builtin,0x56161740,84,"LoadIC_StringLength"
code-creation,Builtin,0x561617a0,132,"LoadIC_StringWrapperLength"
code-creation,Builtin,0x56161840,136,"LoadIC_FunctionPrototype"
code-creation,Builtin,0x561618e0,268,"LoadIC_Megamorphic"
code-creation,Builtin,0x56161a00,64,"KeyedLoadIC_Initialize"
code-creation,Builtin,0x56161a40,64,"KeyedLoadIC_PreMonomorphic"
code-creation,Builtin,0x56161a80,788,"KeyedLoadIC_Generic"
code-creation,Builtin,0x56162020,668,"KeyedLoadIC_String"
code-creation,Builtin,0x561622c0,128,"KeyedLoadIC_IndexedInterceptor"
code-creation,Builtin,0x56162340,68,"StoreIC_Initialize"
code-creation,Builtin,0x561623a0,148,"StoreIC_ArrayLength"
code-creation,Builtin,0x56162440,364,"StoreIC_Normal"
code-creation,Builtin,0x561625c0,268,"StoreIC_Megamorphic"
code-creation,Builtin,0x561626e0,80,"StoreIC_GlobalProxy"
code-creation,Builtin,0x56162740,68,"StoreIC_Initialize_Strict"
code-creation,Builtin,0x561627a0,148,"StoreIC_ArrayLength_Strict"
code-creation,Builtin,0x56162840,364,"StoreIC_Normal_Strict"
code-creation,Builtin,0x561629c0,268,"StoreIC_Megamorphic_Strict"
code-creation,Builtin,0x56162ae0,80,"StoreIC_GlobalProxy_Strict"
code-creation,Builtin,0x56162b40,64,"KeyedStoreIC_Initialize"
code-creation,Builtin,0x56162b80,304,"KeyedStoreIC_Generic"
code-creation,Builtin,0x56162cc0,64,"KeyedStoreIC_Initialize_Strict"
code-creation,Builtin,0x56162d00,304,"KeyedStoreIC_Generic_Strict"
code-creation,Builtin,0x56162e40,404,"FunctionCall"
code-creation,Builtin,0x56162fe0,436,"FunctionApply"
code-creation,Builtin,0x561631a0,600,"ArrayCode"
code-creation,Builtin,0x56163400,588,"ArrayConstructCode"
code-creation,Builtin,0x56163660,440,"StringConstructCode"
code-creation,Builtin,0x56163820,836,"OnStackReplacement"
code-creation,Builtin,0x56163b80,120,"Return_DebugBreak"
code-creation,Builtin,0x56163c00,128,"ConstructCall_DebugBreak"
code-creation,Builtin,0x56163c80,112,"StubNoRegisters_DebugBreak"
code-creation,Builtin,0x56163d00,120,"LoadIC_DebugBreak"
code-creation,Builtin,0x56163d80,120,"KeyedLoadIC_DebugBreak"
code-creation,Builtin,0x56163e00,120,"StoreIC_DebugBreak"
code-creation,Builtin,0x56163e80,120,"KeyedStoreIC_DebugBreak"
code-creation,Builtin,0x56163f00,112,"Slot_DebugBreak"
code-creation,Builtin,0x56163f80,80,"PlainReturn_LiveEdit"
code-creation,Builtin,0x56164020,80,"FrameDropper_LiveEdit"
code-creation,Stub,0x56164080,60,"StackCheckStub"
code-creation,Script,0x561640c0,816,"native runtime.js",0x555784ec,
code-creation,CallInitialize,0x56164400,200,"args_count: 1"
code-creation,CallInitialize,0x561644e0,200,"args_count: 2"
code-creation,LazyCompile,0x561645c0,1568,"EQUALS native runtime.js:54",0x55577498,
code-creation,LazyCompile,0x56164be0,368,"STRICT_EQUALS native runtime.js:93",0x555774f4,
code-creation,Stub,0x56164d60,224,"StringCompare"
code-creation,Stub,0x56164e40,136,"CompareIC"
code-creation,LazyCompile,0x56164ee0,1180,"COMPARE native runtime.js:113",0x55577550,
code-creation,Stub,0x56165380,1208,"StringAdd"
code-creation,LazyCompile,0x56165840,784,"ADD native runtime.js:156",0x555775ac,
code-creation,LazyCompile,0x56165b60,304,"SUB native runtime.js:207",0x555776c0,
code-creation,LazyCompile,0x56165ca0,304,"MUL native runtime.js:215",0x5557771c,
code-creation,LazyCompile,0x56165de0,304,"DIV native runtime.js:223",0x55577778,
code-creation,LazyCompile,0x56166020,304,"MOD native runtime.js:231",0x555777d4,
code-creation,LazyCompile,0x56166160,304,"BIT_OR native runtime.js:245",0x55577830,
code-creation,LazyCompile,0x561662a0,440,"BIT_AND native runtime.js:253",0x5557788c,
code-creation,LazyCompile,0x56166460,304,"BIT_XOR native runtime.js:275",0x555778e8,
code-creation,LazyCompile,0x561665a0,220,"UNARY_MINUS native runtime.js:283",0x55577944,
code-creation,LazyCompile,0x56166680,220,"BIT_NOT native runtime.js:290",0x555779a0,
code-creation,LazyCompile,0x56166760,304,"SHL native runtime.js:297",0x555779fc,
code-creation,LazyCompile,0x561668a0,440,"SAR native runtime.js:305",0x55577a58,
code-creation,LazyCompile,0x56166a60,304,"SHR native runtime.js:327",0x55577ab4,
code-creation,LazyCompile,0x56166ba0,224,"DELETE native runtime.js:341",0x55577b10,
code-creation,Stub,0x56166c80,204,"FastCloneShallowArrayStub"
code-creation,LazyCompile,0x56166d60,520,"IN native runtime.js:347",0x55577b6c,
code-creation,Stub,0x56166f80,196,"FastCloneShallowArrayStub"
code-creation,Stub,0x56167060,168,"ToBoolean"
code-creation,LazyCompile,0x56167120,736,"INSTANCE_OF native runtime.js:359",0x55577bc8,
code-creation,LazyCompile,0x56167400,128,"GET_KEYS native runtime.js:383",0x55577c24,
code-creation,LazyCompile,0x56167480,276,"FILTER_KEY native runtime.js:391",0x55577c80,
code-creation,Stub,0x561675a0,280,"ArgumentsAccessStub"
code-creation,LazyCompile,0x561676c0,480,"CALL_NON_FUNCTION native runtime.js:398",0x55577cdc,
code-creation,LazyCompile,0x561678a0,480,"CALL_NON_FUNCTION_AS_CONSTRUCTOR native runtime.js:407",0x55577d38,
code-creation,LazyCompile,0x56167a80,140,"TO_OBJECT native runtime.js:458",0x55577e4c,
code-creation,LazyCompile,0x56167b20,140,"TO_NUMBER native runtime.js:464",0x55577ea8,
code-creation,LazyCompile,0x56167bc0,140,"TO_STRING native runtime.js:470",0x55577f04,
code-creation,Stub,0x56167c60,136,"CompareIC"
code-creation,Stub,0x56167d00,200,"NumberToStringStub"
code-creation,LazyCompile,0x56168020,628,"STRING_ADD_LEFT native runtime.js:176",0x55577608,
code-creation,LazyCompile,0x561682a0,644,"STRING_ADD_RIGHT native runtime.js:191",0x55577664,
code-creation,Stub,0x56168540,136,"CompareIC"
code-creation,Stub,0x561685e0,136,"CompareIC"
code-creation,Stub,0x56168680,136,"CompareIC"
code-creation,Stub,0x56168720,168,"FastCloneShallowArrayStub"
code-creation,LazyCompile,0x561687e0,1260,"APPLY_PREPARE native runtime.js:416",0x55577d94,
code-creation,LazyCompile,0x56168ce0,208,"APPLY_OVERFLOW native runtime.js:452",0x55577df0,
code-creation,CallInitialize,0x56168dc0,200,"args_count: 0"
code-creation,Script,0x56168ea0,3788,"native v8natives.js",0x5557b180,
code-creation,CallPreMonomorphic,0x56169d80,200,"args_count: 0"
code-creation,CallInitialize,0x56169e60,200,"args_count: 10"
code-creation,CallInitialize,0x5616a020,200,"args_count: 3"
code-creation,LazyCompile,0x5616a100,660,"SetupGlobal native v8natives.js:153",0x55579674,
code-creation,CallPreMonomorphic,0x5616a3a0,200,"args_count: 10"
code-creation,CallPreMonomorphic,0x5616a480,200,"args_count: 3"
code-creation,Stub,0x5616a560,80,"TypeRecordingBinaryOpStub_SAR_Alloc_Uninitialized"
code-creation,Stub,0x5616a5c0,80,"TypeRecordingBinaryOpStub_ADD_Alloc_Uninitialized"
code-creation,LazyCompile,0x5616a620,724,"InstallFunctions native v8natives.js:49",0x555793f0,
code-creation,Stub,0x5616a900,160,"CompareIC"
code-creation,Stub,0x5616a9a0,132,"TypeRecordingBinaryOpStub_SAR_Alloc_SMI"
code-creation,Stub,0x5616aa40,160,"CompareIC"
code-creation,KeyedLoadIC,0x5616aae0,128,""
code-creation,KeyedLoadIC,0x5616aae0,128,"args_count: 0"
code-creation,Stub,0x5616ab60,128,"TypeRecordingBinaryOpStub_ADD_Alloc_SMI"
code-creation,LazyCompile,0x5616abe0,308,"$Object.constructor native v8natives.js:180",0x5557a978,
code-creation,CallPreMonomorphic,0x5616ad20,200,"args_count: 1"
code-creation,LazyCompile,0x5616ae00,456,"ToBoolean native runtime.js:493",0x55578020,
code-creation,StoreIC,0x5616afe0,152,"constructor"
code-creation,StoreIC,0x5616afe0,152,"constructor"
code-creation,LazyCompile,0x5616b080,392,"a native v8natives.js:923",0x5557b0a8,
code-creation,CallInitialize,0x5616b220,200,"args_count: 20"
code-creation,CallInitialize,0x5616b300,200,"args_count: 26"
code-creation,LazyCompile,0x5616b3e0,1240,"SetupObject native v8natives.js:938",0x5557a3b8,
code-creation,CallPreMonomorphic,0x5616b8c0,200,"args_count: 20"
code-creation,CallPreMonomorphic,0x5616b9a0,200,"args_count: 26"
code-creation,CallInitialize,0x5616ba80,200,"args_count: 4"
code-creation,LazyCompile,0x5616bb60,296,"SetupBoolean native v8natives.js:1001",0x5557a4cc,
code-creation,CallPreMonomorphic,0x5616bca0,200,"args_count: 4"
code-creation,LazyCompile,0x5616bd80,352,"b native v8natives.js:1014",0x5557b104,
code-creation,Stub,0x5616bee0,156,"CompareIC"
code-creation,LazyCompile,0x5616c020,536,"ToNumber native runtime.js:503",0x5557807c,
code-creation,CallInitialize,0x5616c240,200,"args_count: 12"
code-creation,LazyCompile,0x5616c320,1204,"SetupNumber native v8natives.js:1106",0x5557a750,
code-creation,CallPreMonomorphic,0x5616c7e0,200,"args_count: 12"
code-creation,Stub,0x5616c8c0,80,"TypeRecordingBinaryOpStub_SUB_Alloc_Uninitialized"
code-creation,Stub,0x5616c920,140,"ArgumentsAccessStub"
code-creation,Stub,0x5616c9c0,88,"ToNumberStub"
code-creation,Stub,0x5616ca20,80,"TypeRecordingBinaryOpStub_ADD_OverwriteLeft_Uninitialized"
code-creation,Stub,0x5616ca80,244,"CallFunction"
code-creation,LazyCompile,0x5616cb80,1316,"NewFunction native v8natives.js:1248",0x5557a8c0,
code-creation,LazyCompile,0x5616d0c0,296,"SetupFunction native v8natives.js:1274",0x5557a91c,
code-creation,Script,0x5616d200,280,"native array.js",0x5557ce24,
code-creation,Stub,0x5616d320,168,"FastNewContextStub"
code-creation,Function,0x5616d3e0,344,"getFunction native array.js:1192",0x5557d454,
code-creation,Stub,0x5616d540,188,"FastNewClosureStub"
code-creation,Stub,0x5616d600,244,"CallFunction"
code-creation,Stub,0x5616d700,244,"CallFunction"
code-creation,CallInitialize,0x5616d800,200,"args_count: 42"
code-creation,Function,0x5616d8e0,152,"SetupArray.InternalArray.toString native array.js:1243",0x5557d4cc,
code-creation,LazyCompile,0x5616e020,3452,"SetupArray native array.js:1180",0x5557cda8,
code-creation,CallPreMonomorphic,0x5616eda0,200,"args_count: 2"
code-creation,LazyCompile,0x5616ee80,208,"hasOwnProperty native v8natives.js:216",0x555797e4,
code-creation,LazyCompile,0x5616ef60,576,"ToObject native runtime.js:543",0x555781ec,
code-creation,LazyCompile,0x5616f1a0,488,"ToString native runtime.js:526",0x55578134,
code-creation,CallMiss,0x5616f3a0,200,"args_count: 1"
code-creation,CallIC,0x5616f480,132,"hasOwnProperty"
code-creation,CallIC,0x5616f520,124,"ToObject"
code-creation,CallIC,0x5616f5a0,124,"ToString"
code-creation,KeyedLoadIC,0x5616f620,104,"push"
code-creation,KeyedLoadIC,0x5616f620,104,"push"
code-creation,KeyedLoadIC,0x5616f6a0,104,"concat"
code-creation,KeyedLoadIC,0x5616f6a0,104,"concat"
code-creation,CallPreMonomorphic,0x5616f720,200,"args_count: 42"
code-creation,LazyCompile,0x5616f800,248,"InstallFunctionsOnHiddenPrototype native v8natives.js:67",0x5557944c,
code-creation,Stub,0x5616f900,168,"FastCloneShallowArrayStub"
code-creation,Script,0x5616f9c0,1172,"native string.js",0x5557ede8,
code-creation,LazyCompile,0x5616fe60,404,"b native string.js:36",0x5557ec58,
code-creation,CallInitialize,0x56170020,200,"args_count: 70"
code-creation,LazyCompile,0x56170100,1880,"SetupString native string.js:863",0x5557ebfc,
code-creation,CallPreMonomorphic,0x56170860,200,"args_count: 70"
code-creation,LoadIC,0x56170940,88,"$Object"
code-creation,LoadIC,0x56170940,88,"$Object"
code-creation,CallMiss,0x561709a0,200,"args_count: 3"
code-creation,CallIC,0x56170a80,124,"InstallFunctions"
code-creation,Script,0x56170b00,288,"native uri.js",0x5557fe44,
code-creation,LazyCompile,0x56170c20,436,"SetupURI native uri.js:389",0x5557fdc8,
code-creation,Script,0x56170de0,744,"native math.js",0x55580a28,
code-creation,LazyCompile,0x561710e0,92,"MathConstructor native math.js:38",0x555802d8,
code-creation,CallInitialize,0x56171140,200,"args_count: 36"
code-creation,LazyCompile,0x56171220,1700,"SetupMath native math.js:198",0x555809ac,
code-creation,CallPreMonomorphic,0x561718e0,200,"args_count: 36"
code-creation,Script,0x56172020,5528,"native messages.js",0x55583404,
code-creation,LazyCompile,0x561735c0,180,"kMessages.cyclic_proto native messages.js:133",0x55582808,
code-creation,Function,0x56173680,92,"ErrorPrototype native messages.js:984",0x55583e18,
code-creation,Function,0x561736e0,212," native messages.js:1010",0x55583e94,
code-creation,Function,0x561737c0,652," native messages.js:999",0x55583f10,
code-creation,LazyCompile,0x56173a60,1020,"DefineError native messages.js:968",0x55582698,
code-creation,Stub,0x56174020,1452,"StringAdd"
code-creation,Stub,0x561745e0,1452,"StringAdd"
code-creation,Stub,0x56174ba0,160,"TypeRecordingBinaryOpStub_ADD_Alloc_Strings"
code-creation,Stub,0x56174c40,548,"CompareStub_EQ_r1_r0"
code-creation,LoadIC,0x56174e80,88,"global"
code-creation,LoadIC,0x56174e80,88,"global"
code-creation,Stub,0x56174ee0,516,"CompareStub_EQ_r1_r0_STRICT"
code-creation,Function,0x56175100,148," native messages.js:1031",0x55584020,
code-creation,LazyCompile,0x561751a0,672,"captureStackTrace native messages.js:1023",0x555826f4,
code-creation,LoadIC,0x56175440,100,"$Error"
code-creation,LoadIC,0x56175440,100,"$Error"
code-creation,LoadIC,0x561754c0,88,"kAddMessageAccessorsMarker"
code-creation,LoadIC,0x561754c0,88,"kAddMessageAccessorsMarker"
code-creation,CallMiss,0x56175520,200,"args_count: 2"
code-creation,CallIC,0x56175600,124,"captureStackTrace"
code-creation,LoadIC,0x56175680,140,""
code-creation,LoadIC,0x56175680,140,""
code-creation,LazyCompile,0x56175720,172,"MakeRangeError native messages.js:277",0x55582134,
code-creation,LazyCompile,0x561757e0,320,"MakeGenericError native messages.js:117",0x55581f44,
code-creation,Stub,0x56175920,180,"FastNewContextStub"
code-creation,Stub,0x561759e0,244,"CallFunction"
code-creation,Function,0x56175ae0,396,"DefineOneShotAccessor.a.__defineSetter__.d native messages.js:683",0x55584124,
code-creation,Function,0x56175c80,240," native messages.js:691",0x555841a0,
code-creation,LazyCompile,0x56175d80,476,"DefineOneShotAccessor native messages.js:677",0x55582470,
code-creation,LazyCompile,0x56176020,708,"__defineGetter__ native v8natives.js:235",0x555798f8,
code-creation,LazyCompile,0x56176300,560,"PropertyDescriptor native v8natives.js:376",0x55579cec,
code-creation,LazyCompile,0x56176540,168,"PropertyDescriptor.setGet native v8natives.js:462",0x5557ae80,
code-creation,StoreIC,0x56176600,148,"get_"
code-creation,StoreIC,0x56176600,148,"get_"
code-creation,StoreIC,0x561766a0,148,"hasGetter_"
code-creation,StoreIC,0x561766a0,148,"hasGetter_"
code-creation,LazyCompile,0x56176740,168,"PropertyDescriptor.setEnumerable native v8natives.js:414",0x5557ab44,
code-creation,StoreIC,0x56176800,148,"enumerable_"
code-creation,StoreIC,0x56176800,148,"enumerable_"
code-creation,StoreIC,0x561768a0,148,"hasEnumerable_"
code-creation,StoreIC,0x561768a0,148,"hasEnumerable_"
code-creation,LazyCompile,0x56176940,168,"PropertyDescriptor.setConfigurable native v8natives.js:446",0x5557ad6c,
code-creation,StoreIC,0x56176a00,148,"configurable_"
code-creation,StoreIC,0x56176a00,148,"configurable_"
code-creation,StoreIC,0x56176aa0,148,"hasConfigurable_"
code-creation,StoreIC,0x56176aa0,148,"hasConfigurable_"
code-creation,Stub,0x56176b40,80,"TypeRecordingBinaryOpStub_BIT_OR_Alloc_Uninitialized"
code-creation,LazyCompile,0x561cc020,9000,"DefineOwnProperty native v8natives.js:554",0x55579eb8,
code-creation,LazyCompile,0x56176ba0,776,"ConvertDescriptorArrayToDescriptor native v8natives.js:497",0x55579d48,
code-creation,LazyCompile,0x56176ec0,120,"PropertyDescriptor.hasEnumerable native v8natives.js:425",0x5557abfc,
code-creation,LazyCompile,0x56176f40,120,"PropertyDescriptor.isEnumerable native v8natives.js:420",0x5557aba0,
code-creation,Stub,0x56176fc0,124,"TypeRecordingBinaryOpStub_BIT_OR_Alloc_SMI"
code-creation,LazyCompile,0x56177040,120,"PropertyDescriptor.hasConfigurable native v8natives.js:452",0x5557adc8,
code-creation,LazyCompile,0x561770c0,120,"PropertyDescriptor.isConfigurable native v8natives.js:457",0x5557ae24,
code-creation,LazyCompile,0x56177140,284,"IsDataDescriptor native v8natives.js:297",0x55579b20,
code-creation,LazyCompile,0x56177260,332,"IsGenericDescriptor native v8natives.js:304",0x55579b7c,
code-creation,LazyCompile,0x561773c0,284,"IsAccessorDescriptor native v8natives.js:290",0x55579ac4,
code-creation,CallIC,0x561774e0,124,"IsAccessorDescriptor"
code-creation,LoadIC,0x56177560,84,"hasGetter_"
code-creation,LoadIC,0x56177560,84,"hasGetter_"
code-creation,LazyCompile,0x561775c0,120,"PropertyDescriptor.hasGetter native v8natives.js:473",0x5557af38,
code-creation,LazyCompile,0x56177640,120,"PropertyDescriptor.getGet native v8natives.js:468",0x5557aedc,
code-creation,LazyCompile,0x561776c0,120,"PropertyDescriptor.hasSetter native v8natives.js:489",0x5557b04c,
code-creation,LazyCompile,0x56177740,708,"__defineSetter__ native v8natives.js:258",0x555799b0,
code-creation,StoreIC,0x56177a20,160,"value_"
code-creation,StoreIC,0x56177a20,160,"value_"
code-creation,StoreIC,0x56177ac0,160,"hasValue_"
code-creation,StoreIC,0x56177ac0,160,"hasValue_"
code-creation,StoreIC,0x56177b60,160,"writable_"
code-creation,StoreIC,0x56177b60,160,"writable_"
code-creation,StoreIC,0x56177c00,160,"hasWritable_"
code-creation,StoreIC,0x56177c00,160,"hasWritable_"
code-creation,StoreIC,0x56177ca0,160,"enumerable_"
code-creation,StoreIC,0x56177ca0,160,"enumerable_"
code-creation,StoreIC,0x56177d40,160,"hasEnumerable_"
code-creation,StoreIC,0x56177d40,160,"hasEnumerable_"
code-creation,StoreIC,0x56177de0,160,"configurable_"
code-creation,StoreIC,0x56177de0,160,"configurable_"
code-creation,StoreIC,0x56177e80,160,"hasConfigurable_"
code-creation,StoreIC,0x56177e80,160,"hasConfigurable_"
code-creation,StoreIC,0x56177f20,160,"get_"
code-creation,StoreIC,0x56177f20,160,"get_"
code-creation,StoreIC,0x56178020,160,"hasGetter_"
code-creation,StoreIC,0x56178020,160,"hasGetter_"
code-creation,StoreIC,0x561780c0,160,"set_"
code-creation,StoreIC,0x561780c0,160,"set_"
code-creation,StoreIC,0x56178160,160,"hasSetter_"
code-creation,StoreIC,0x56178160,160,"hasSetter_"
code-creation,LazyCompile,0x56178200,168,"PropertyDescriptor.setSet native v8natives.js:478",0x5557af94,
code-creation,StoreIC,0x561782c0,148,"set_"
code-creation,StoreIC,0x561782c0,148,"set_"
code-creation,StoreIC,0x56178360,148,"hasSetter_"
code-creation,StoreIC,0x56178360,148,"hasSetter_"
code-creation,CallIC,0x56178400,124,"ConvertDescriptorArrayToDescriptor"
code-creation,LoadIC,0x56178480,84,"hasValue_"
code-creation,LoadIC,0x56178480,84,"hasValue_"
code-creation,LoadIC,0x561784e0,84,"hasWritable_"
code-creation,LoadIC,0x561784e0,84,"hasWritable_"
code-creation,LoadIC,0x56178540,84,"hasEnumerable_"
code-creation,LoadIC,0x56178540,84,"hasEnumerable_"
code-creation,LoadIC,0x561785a0,84,"enumerable_"
code-creation,LoadIC,0x561785a0,84,"enumerable_"
code-creation,Stub,0x56178600,80,"TypeRecordingBinaryOpStub_DIV_Alloc_Uninitialized"
code-creation,LazyCompile,0x56178660,568,"SameValue native runtime.js:576",0x5557835c,
code-creation,LoadIC,0x561788a0,84,"hasConfigurable_"
code-creation,LoadIC,0x561788a0,84,"hasConfigurable_"
code-creation,LoadIC,0x56178900,84,"configurable_"
code-creation,LoadIC,0x56178900,84,"configurable_"
code-creation,LazyCompile,0x56178960,120,"PropertyDescriptor.hasWritable native v8natives.js:441",0x5557ad10,
code-creation,LazyCompile,0x561789e0,120,"PropertyDescriptor.hasValue native v8natives.js:409",0x5557aae8,
code-creation,LoadIC,0x56178a60,84,"hasSetter_"
code-creation,LoadIC,0x56178a60,84,"hasSetter_"
code-creation,LazyCompile,0x56178ac0,120,"PropertyDescriptor.getSet native v8natives.js:484",0x5557aff0,
code-creation,LoadIC,0x56178b40,84,"set_"
code-creation,LoadIC,0x56178b40,84,"set_"
code-creation,CallMiss,0x56178ba0,200,"args_count: 0"
code-creation,CallIC,0x56178c80,128,"hasEnumerable"
code-creation,CallIC,0x56178d00,128,"isEnumerable"
code-creation,CallIC,0x56178d80,128,"hasConfigurable"
code-creation,CallIC,0x56178e00,128,"isConfigurable"
code-creation,CallIC,0x56178e80,124,"IsDataDescriptor"
code-creation,CallIC,0x56178f00,124,"IsGenericDescriptor"
code-creation,CallIC,0x56178f80,128,"hasGetter"
code-creation,CallIC,0x56179000,128,"hasSetter"
code-creation,LoadIC,0x56179080,140,""
code-creation,LoadIC,0x56179080,140,""
code-creation,StoreIC,0x56179120,152,"type"
code-creation,StoreIC,0x56179120,152,"type"
code-creation,StoreIC,0x561791c0,152,"arguments"
code-creation,StoreIC,0x561791c0,152,"arguments"
code-creation,Script,0x56179260,292,"native apinatives.js",0x55584844,
code-creation,Stub,0x561793a0,212,"FastCloneShallowArrayStub"
code-creation,Script,0x56179480,1912,"native date.js",0x55586bc0,
code-creation,StoreIC,0x56179c00,148,"time"
code-creation,StoreIC,0x56179c00,148,"time"
code-creation,StoreIC,0x56179ca0,148,"year"
code-creation,StoreIC,0x56179ca0,148,"year"
code-creation,Stub,0x56179d40,136,"CompareIC"
code-creation,LazyCompile,0x5617a020,2448,"WeekDays native date.js:398",0x55586b44,
code-creation,LazyCompile,0x5617a9c0,436,"TimeClip native date.js:378",0x555855ec,
code-creation,LazyCompile,0x5617ab80,356,"isFinite native v8natives.js:85",0x55579504,
code-creation,Stub,0x5617ad00,216,"TypeRecordingBinaryOpStub_SUB_Alloc_HeapNumbers"
code-creation,Stub,0x5617ade0,236,"CompareIC"
code-creation,CallInitialize,0x5617aee0,200,"args_count: 6"
code-creation,CallInitialize,0x5617afc0,200,"args_count: 92"
code-creation,LazyCompile,0x5617b0a0,2400,"SetupDate native date.js:1040",0x55586ae8,
code-creation,CallPreMonomorphic,0x5617ba00,200,"args_count: 6"
code-creation,CallPreMonomorphic,0x5617bae0,200,"args_count: 92"
code-creation,Script,0x5617bbc0,276,"native json.js",0x55587d04,
code-creation,LazyCompile,0x5617bce0,276,"SetupJSON native json.js:335",0x55587c88,
code-creation,Script,0x5617c020,552,"native regexp.js",0x5558864c,
code-creation,Function,0x5617c260,212,"RegExpGetInput native regexp.js:422",0x5558894c,
code-creation,Function,0x5617c340,188,"RegExpSetInput native regexp.js:426",0x555889c8,
code-creation,Function,0x5617c400,104,"RegExpGetMultiline native regexp.js:446",0x55588a40,
code-creation,Function,0x5617c480,256,"RegExpSetMultiline native regexp.js:447",0x55588abc,
code-creation,Function,0x5617c580,92,"NoOpSetter native regexp.js:455",0x55588b38,
code-creation,CallInitialize,0x5617c5e0,200,"args_count: 8"
code-creation,CallInitialize,0x5617c6c0,200,"args_count: 1"
code-creation,LazyCompile,0x5617c7a0,4052,"SetupRegExp native regexp.js:403",0x555885d0,
code-creation,LazyCompile,0x5617d780,328,"RegExpConstructor native regexp.js:81",0x55588124,
code-creation,CallPreMonomorphic,0x5617d8e0,200,"args_count: 8"
code-creation,LazyCompile,0x5617d9c0,496,"ToPrimitive native runtime.js:482",0x55577f60,
code-creation,CallPreMonomorphic,0x5617dbc0,200,"args_count: 1"
code-creation,Stub,0x5617dca0,80,"TypeRecordingBinaryOpStub_MUL_Alloc_Uninitialized"
code-creation,Stub,0x5617dd00,80,"TypeRecordingBinaryOpStub_ADD_OverwriteRight_Uninitialized"
code-creation,Function,0x561719c0,900," native regexp.js:366",0x561da294,
code-creation,LazyCompile,0x5617dd60,212,"RegExpMakeCaptureGetter native regexp.js:365",0x55588574,
code-creation,CallIC,0x5617de40,124,"ToPrimitive"
code-creation,LoadIC,0x5617dec0,88,"$RegExp"
code-creation,LoadIC,0x5617dec0,88,"$RegExp"
code-creation,CallIC,0x5617df20,124,"RegExpMakeCaptureGetter"
code-delete,0x5616aae0
code-delete,0x5616afe0
code-delete,0x5616f480
code-delete,0x5616f520
code-delete,0x5616f5a0
code-delete,0x5616f620
code-delete,0x5616f6a0
code-delete,0x56170940
code-delete,0x56170a80
code-delete,0x56174e80
code-delete,0x56175440
code-delete,0x561754c0
code-delete,0x56175600
code-delete,0x56175680
code-delete,0x56176600
code-delete,0x561766a0
code-delete,0x56176800
code-delete,0x561768a0
code-delete,0x56176a00
code-delete,0x56176aa0
code-delete,0x561774e0
code-delete,0x56177560
code-delete,0x56177a20
code-delete,0x56177ac0
code-delete,0x56177b60
code-delete,0x56177c00
code-delete,0x56177ca0
code-delete,0x56177d40
code-delete,0x56177de0
code-delete,0x56177e80
code-delete,0x56177f20
code-delete,0x56178020
code-delete,0x561780c0
code-delete,0x56178160
code-delete,0x561782c0
code-delete,0x56178360
code-delete,0x56178400
code-delete,0x56178480
code-delete,0x561784e0
code-delete,0x56178540
code-delete,0x561785a0
code-delete,0x561788a0
code-delete,0x56178900
code-delete,0x56178a60
code-delete,0x56178b40
code-delete,0x56178c80
code-delete,0x56178d00
code-delete,0x56178d80
code-delete,0x56178e00
code-delete,0x56178e80
code-delete,0x56178f00
code-delete,0x56178f80
code-delete,0x56179000
code-delete,0x56179080
code-delete,0x56179120
code-delete,0x561791c0
code-delete,0x56179c00
code-delete,0x56179ca0
code-delete,0x5617de40
code-delete,0x5617dec0
code-delete,0x5617df20
sfi-move,0x55576228,0x55576228
sfi-move,0x555762b4,0x555762b4
sfi-move,0x5557638c,0x5557638c
sfi-move,0x5557640c,0x5557640c
sfi-move,0x5557648c,0x5557648c
sfi-move,0x55576524,0x55576524
sfi-move,0x555765b4,0x555765b4
sfi-move,0x55576634,0x55576634
sfi-move,0x555766b4,0x555766b4
sfi-move,0x55576734,0x55576734
sfi-move,0x555767b4,0x555767b4
sfi-move,0x55576834,0x55576834
sfi-move,0x555768b4,0x555768b4
sfi-move,0x55576934,0x55576934
sfi-move,0x555769c0,0x555769c0
sfi-move,0x55576a60,0x55576a60
sfi-move,0x55576ae0,0x55576ae0
sfi-move,0x55576b60,0x55576b60
sfi-move,0x55576be0,0x55576be0
sfi-move,0x55576c60,0x55576c60
sfi-move,0x55576e8c,0x55576e8c
sfi-move,0x55577014,0x55577014
sfi-move,0x55577094,0x55577094
sfi-move,0x55577158,0x55577158
sfi-move,0x555771e4,0x555771e4
sfi-move,0x55577498,0x55577448
sfi-move,0x555774f4,0x555774a4
sfi-move,0x55577550,0x55577500
sfi-move,0x555775ac,0x5557755c
sfi-move,0x55577608,0x555775b8
sfi-move,0x55577664,0x55577614
sfi-move,0x555776c0,0x55577670
sfi-move,0x5557771c,0x555776cc
sfi-move,0x55577778,0x55577728
sfi-move,0x555777d4,0x55577784
sfi-move,0x55577830,0x555777e0
sfi-move,0x5557788c,0x5557783c
sfi-move,0x555778e8,0x55577898
sfi-move,0x55577944,0x555778f4
sfi-move,0x555779a0,0x55577950
sfi-move,0x555779fc,0x555779ac
sfi-move,0x55577a58,0x55577a08
sfi-move,0x55577ab4,0x55577a64
sfi-move,0x55577b10,0x55577ac0
sfi-move,0x55577b6c,0x55577b1c
sfi-move,0x55577bc8,0x55577b78
sfi-move,0x55577c24,0x55577bd4
sfi-move,0x55577c80,0x55577c30
sfi-move,0x55577cdc,0x55577c8c
sfi-move,0x55577d38,0x55577ce8
sfi-move,0x55577d94,0x55577d44
sfi-move,0x55577df0,0x55577da0
sfi-move,0x55577e4c,0x55577dfc
sfi-move,0x55577ea8,0x55577e58
sfi-move,0x55577f04,0x55577eb4
sfi-move,0x55577f60,0x55577f10
sfi-move,0x55578020,0x55578020
sfi-move,0x5557807c,0x5557807c
sfi-move,0x555780d8,0x555780d8
sfi-move,0x55578134,0x55578134
sfi-move,0x55578190,0x55578190
sfi-move,0x555781ec,0x555781ec
sfi-move,0x55578248,0x55578248
sfi-move,0x555782a4,0x555782a4
sfi-move,0x55578300,0x55578300
sfi-move,0x5557835c,0x5557835c
sfi-move,0x555783b8,0x555783b8
sfi-move,0x55578414,0x55578414
sfi-move,0x55578470,0x55578470
sfi-move,0x555784ec,0x555784ec
sfi-move,0x555793f0,0x555792ac
sfi-move,0x5557944c,0x55579308
sfi-move,0x555794a8,0x55579364
sfi-move,0x55579504,0x555793c0
sfi-move,0x55579560,0x5557941c
sfi-move,0x555795bc,0x55579478
sfi-move,0x55579618,0x555794d4
sfi-move,0x55579674,0x55579530
sfi-move,0x555796d0,0x5557958c
sfi-move,0x5557972c,0x555795e8
sfi-move,0x55579788,0x55579644
sfi-move,0x555797e4,0x555796a0
sfi-move,0x55579840,0x555796fc
sfi-move,0x5557989c,0x55579758
sfi-move,0x555798f8,0x555797b4
sfi-move,0x55579954,0x55579810
sfi-move,0x555799b0,0x5557986c
sfi-move,0x55579a0c,0x555798c8
sfi-move,0x55579a68,0x55579924
sfi-move,0x55579ac4,0x55579980
sfi-move,0x55579b20,0x555799dc
sfi-move,0x55579b7c,0x55579a38
sfi-move,0x55579bd8,0x55579a94
sfi-move,0x55579c34,0x55579af0
sfi-move,0x55579c90,0x55579b4c
sfi-move,0x55579cec,0x55579ba8
sfi-move,0x55579d48,0x55579c04
sfi-move,0x55579da4,0x55579c60
sfi-move,0x55579e00,0x55579cbc
sfi-move,0x55579e5c,0x55579d18
sfi-move,0x55579eb8,0x55579d74
sfi-move,0x55579f14,0x55579dd0
sfi-move,0x55579f70,0x55579e2c
sfi-move,0x5557a020,0x55579e98
sfi-move,0x5557a07c,0x55579ef4
sfi-move,0x5557a0d8,0x55579f50
sfi-move,0x5557a134,0x5557a020
sfi-move,0x5557a190,0x5557a07c
sfi-move,0x5557a1ec,0x5557a0d8
sfi-move,0x5557a248,0x5557a134
sfi-move,0x5557a2a4,0x5557a190
sfi-move,0x5557a300,0x5557a1ec
sfi-move,0x5557a35c,0x5557a248
sfi-move,0x5557a3b8,0x5557a2a4
sfi-move,0x5557a414,0x5557a300
sfi-move,0x5557a470,0x5557a35c
sfi-move,0x5557a4cc,0x5557a3b8
sfi-move,0x5557a528,0x5557a414
sfi-move,0x5557a584,0x5557a470
sfi-move,0x5557a5e0,0x5557a4cc
sfi-move,0x5557a63c,0x5557a528
sfi-move,0x5557a698,0x5557a584
sfi-move,0x5557a6f4,0x5557a5e0
sfi-move,0x5557a750,0x5557a63c
sfi-move,0x5557a7ac,0x5557a698
sfi-move,0x5557a808,0x5557a6f4
sfi-move,0x5557a864,0x5557a750
sfi-move,0x5557a8c0,0x5557a7ac
sfi-move,0x5557a91c,0x5557a808
sfi-move,0x5557a978,0x5557a864
sfi-move,0x5557a9d4,0x5557a8c0
sfi-move,0x5557aa30,0x5557a91c
sfi-move,0x5557aa8c,0x5557a978
sfi-move,0x5557aae8,0x5557a9d4
sfi-move,0x5557ab44,0x5557aa30
sfi-move,0x5557aba0,0x5557aa8c
sfi-move,0x5557abfc,0x5557aae8
sfi-move,0x5557ac58,0x5557ab44
sfi-move,0x5557acb4,0x5557aba0
sfi-move,0x5557ad10,0x5557abfc
sfi-move,0x5557ad6c,0x5557ac58
sfi-move,0x5557adc8,0x5557acb4
sfi-move,0x5557ae24,0x5557ad10
sfi-move,0x5557ae80,0x5557ad6c
sfi-move,0x5557aedc,0x5557adc8
sfi-move,0x5557af38,0x5557ae24
sfi-move,0x5557af94,0x5557ae80
sfi-move,0x5557aff0,0x5557aedc
sfi-move,0x5557b04c,0x5557af38
sfi-move,0x5557b0a8,0x5557af94
sfi-move,0x5557b104,0x5557aff0
sfi-move,0x5557b180,0x5557b06c
sfi-move,0x5557c1cc,0x5557c020
sfi-move,0x5557c228,0x5557c07c
sfi-move,0x5557c284,0x5557c0d8
sfi-move,0x5557c2e0,0x5557c134
sfi-move,0x5557c33c,0x5557c190
sfi-move,0x5557c398,0x5557c1ec
sfi-move,0x5557c3f4,0x5557c248
sfi-move,0x5557c450,0x5557c2a4
sfi-move,0x5557c4ac,0x5557c300
sfi-move,0x5557c508,0x5557c35c
sfi-move,0x5557c564,0x5557c3b8
sfi-move,0x5557c5c0,0x5557c414
sfi-move,0x5557c61c,0x5557c470
sfi-move,0x5557c678,0x5557c4cc
sfi-move,0x5557c6d4,0x5557c528
sfi-move,0x5557c730,0x5557c584
sfi-move,0x5557c78c,0x5557c5e0
sfi-move,0x5557c7e8,0x5557c63c
sfi-move,0x5557c844,0x5557c698
sfi-move,0x5557c8a0,0x5557c6f4
sfi-move,0x5557c8fc,0x5557c750
sfi-move,0x5557c958,0x5557c7ac
sfi-move,0x5557c9b4,0x5557c808
sfi-move,0x5557ca10,0x5557c864
sfi-move,0x5557ca6c,0x5557c8c0
sfi-move,0x5557cac8,0x5557c91c
sfi-move,0x5557cb24,0x5557c978
sfi-move,0x5557cb80,0x5557c9d4
sfi-move,0x5557cbdc,0x5557ca30
sfi-move,0x5557cc38,0x5557ca8c
sfi-move,0x5557cc94,0x5557cae8
sfi-move,0x5557ccf0,0x5557cb44
sfi-move,0x5557cd4c,0x5557cba0
sfi-move,0x5557cda8,0x5557cbfc
sfi-move,0x5557ce24,0x5557cc78
sfi-move,0x5557d454,0x5557d284
sfi-move,0x5557d4cc,0x5557d2fc
sfi-move,0x5557d550,0x5557d380
sfi-move,0x5557d5d0,0x5557d400
sfi-move,0x5557d650,0x5557d480
sfi-move,0x5557d6d0,0x5557d500
sfi-move,0x5557d750,0x5557d580
sfi-move,0x5557d7d0,0x5557d600
sfi-move,0x5557d850,0x5557d680
sfi-move,0x5557dbbc,0x5557d98c
sfi-move,0x5557dc18,0x5557d9e8
sfi-move,0x5557dc74,0x5557da44
sfi-move,0x5557dcd0,0x5557daa0
sfi-move,0x5557dd2c,0x5557dafc
sfi-move,0x5557dd88,0x5557db58
sfi-move,0x5557dde4,0x5557dbb4
sfi-move,0x5557de40,0x5557dc10
sfi-move,0x5557de9c,0x5557dc6c
sfi-move,0x5557def8,0x5557dcc8
sfi-move,0x5557df54,0x5557dd24
sfi-move,0x5557e020,0x5557dda4
sfi-move,0x5557e07c,0x5557de00
sfi-move,0x5557e0d8,0x5557de5c
sfi-move,0x5557e134,0x5557deb8
sfi-move,0x5557e190,0x5557df14
sfi-move,0x5557e1ec,0x5557df70
sfi-move,0x5557e248,0x5557e020
sfi-move,0x5557e2a4,0x5557e07c
sfi-move,0x5557e300,0x5557e0d8
sfi-move,0x5557e35c,0x5557e134
sfi-move,0x5557e3b8,0x5557e190
sfi-move,0x5557e414,0x5557e1ec
sfi-move,0x5557e470,0x5557e248
sfi-move,0x5557e4cc,0x5557e2a4
sfi-move,0x5557e528,0x5557e300
sfi-move,0x5557e584,0x5557e35c
sfi-move,0x5557e5e0,0x5557e3b8
sfi-move,0x5557e63c,0x5557e414
sfi-move,0x5557e698,0x5557e470
sfi-move,0x5557e6f4,0x5557e4cc
sfi-move,0x5557e750,0x5557e528
sfi-move,0x5557e7ac,0x5557e584
sfi-move,0x5557e808,0x5557e5e0
sfi-move,0x5557e864,0x5557e63c
sfi-move,0x5557e8c0,0x5557e698
sfi-move,0x5557e91c,0x5557e6f4
sfi-move,0x5557e978,0x5557e750
sfi-move,0x5557e9d4,0x5557e7ac
sfi-move,0x5557ea30,0x5557e808
sfi-move,0x5557ea8c,0x5557e864
sfi-move,0x5557eae8,0x5557e8c0
sfi-move,0x5557eb44,0x5557e91c
sfi-move,0x5557eba0,0x5557e978
sfi-move,0x5557ebfc,0x5557e9d4
sfi-move,0x5557ec58,0x5557ea30
sfi-move,0x5557ecb4,0x5557ea8c
sfi-move,0x5557ed10,0x5557eae8
sfi-move,0x5557ed6c,0x5557eb44
sfi-move,0x5557ede8,0x5557ebc0
sfi-move,0x5557f750,0x5557f464
sfi-move,0x5557f7ac,0x5557f4c0
sfi-move,0x5557f808,0x5557f51c
sfi-move,0x5557f864,0x5557f578
sfi-move,0x5557f8c0,0x5557f5d4
sfi-move,0x5557f91c,0x5557f630
sfi-move,0x5557f978,0x5557f68c
sfi-move,0x5557f9d4,0x5557f6e8
sfi-move,0x5557fa30,0x5557f744
sfi-move,0x5557fa8c,0x5557f7a0
sfi-move,0x5557fae8,0x5557f7fc
sfi-move,0x5557fb44,0x5557f858
sfi-move,0x5557fba0,0x5557f8b4
sfi-move,0x5557fbfc,0x5557f910
sfi-move,0x5557fc58,0x5557f96c
sfi-move,0x5557fcb4,0x5557f9c8
sfi-move,0x5557fd10,0x5557fa24
sfi-move,0x5557fd6c,0x5557fa80
sfi-move,0x5557fdc8,0x5557fadc
sfi-move,0x5557fe44,0x5557fb58
sfi-move,0x555802d8,0x55580020
sfi-move,0x55580334,0x5558007c
sfi-move,0x55580390,0x555800d8
sfi-move,0x555803ec,0x55580134
sfi-move,0x55580448,0x55580190
sfi-move,0x555804a4,0x555801ec
sfi-move,0x55580500,0x55580248
sfi-move,0x5558055c,0x555802a4
sfi-move,0x555805b8,0x55580300
sfi-move,0x55580614,0x5558035c
sfi-move,0x55580670,0x555803b8
sfi-move,0x555806cc,0x55580414
sfi-move,0x55580728,0x55580470
sfi-move,0x55580784,0x555804cc
sfi-move,0x555807e0,0x55580528
sfi-move,0x5558083c,0x55580584
sfi-move,0x55580898,0x555805e0
sfi-move,0x555808f4,0x5558063c
sfi-move,0x55580950,0x55580698
sfi-move,0x555809ac,0x555806f4
sfi-move,0x55580a28,0x55580770
sfi-move,0x55581dd4,0x55580c8c
sfi-move,0x55581e30,0x55580ce8
sfi-move,0x55581e8c,0x55580d44
sfi-move,0x55581ee8,0x55580da0
sfi-move,0x55581f44,0x55580dfc
sfi-move,0x55581fa0,0x55580e58
sfi-move,0x55582020,0x55580eb4
sfi-move,0x5558207c,0x55580f10
sfi-move,0x555820d8,0x55580f6c
sfi-move,0x55582134,0x55580fc8
sfi-move,0x55582190,0x55581024
sfi-move,0x555821ec,0x55581080
sfi-move,0x55582248,0x555810dc
sfi-move,0x555822a4,0x55581138
sfi-move,0x55582300,0x55581194
sfi-move,0x5558235c,0x555811f0
sfi-move,0x555823b8,0x5558124c
sfi-move,0x55582414,0x555812a8
sfi-move,0x55582470,0x55581304
sfi-move,0x555824cc,0x55581360
sfi-move,0x55582528,0x555813bc
sfi-move,0x55582584,0x55581418
sfi-move,0x555825e0,0x55581474
sfi-move,0x5558263c,0x555814d0
sfi-move,0x55582698,0x5558152c
sfi-move,0x555826f4,0x55581588
sfi-move,0x55582750,0x555815e4
sfi-move,0x555827ac,0x55581640
sfi-move,0x55582808,0x5558169c
sfi-move,0x55582864,0x555816f8
sfi-move,0x555828c0,0x55581754
sfi-move,0x5558291c,0x555817b0
sfi-move,0x55582978,0x5558180c
sfi-move,0x555829d4,0x55581868
sfi-move,0x55582a30,0x555818c4
sfi-move,0x55582a8c,0x55581920
sfi-move,0x55582ae8,0x5558197c
sfi-move,0x55582b44,0x555819d8
sfi-move,0x55582ba0,0x55581a34
sfi-move,0x55582bfc,0x55581a90
sfi-move,0x55582c58,0x55581aec
sfi-move,0x55582cb4,0x55581b48
sfi-move,0x55582d10,0x55581ba4
sfi-move,0x55582d6c,0x55581c00
sfi-move,0x55582dc8,0x55581c5c
sfi-move,0x55582e24,0x55581cb8
sfi-move,0x55582e80,0x55581d14
sfi-move,0x55582edc,0x55581d70
sfi-move,0x55582f38,0x55581dcc
sfi-move,0x55582f94,0x55581e28
sfi-move,0x55582ff0,0x55581e84
sfi-move,0x5558304c,0x55581ee0
sfi-move,0x555830a8,0x55581f3c
sfi-move,0x55583104,0x55581f98
sfi-move,0x55583160,0x55582020
sfi-move,0x555831bc,0x5558207c
sfi-move,0x55583218,0x555820d8
sfi-move,0x55583274,0x55582134
sfi-move,0x555832d0,0x55582190
sfi-move,0x5558332c,0x555821ec
sfi-move,0x55583388,0x55582248
sfi-move,0x55583404,0x555822c4
sfi-move,0x55583e18,0x55582c98
sfi-move,0x55583e94,0x55582d14
sfi-move,0x55583f10,0x55582d90
sfi-move,0x55584020,0x55582e50
sfi-move,0x55584124,0x55582f48
sfi-move,0x555841a0,0x55582fc4
sfi-move,0x555846b8,0x55583428
sfi-move,0x55584714,0x55583484
sfi-move,0x55584770,0x555834e0
sfi-move,0x555847cc,0x5558353c
sfi-move,0x55584844,0x555835b4
sfi-move,0x55584e04,0x55583b2c
sfi-move,0x55584e60,0x55583b88
sfi-move,0x55584ebc,0x55583be4
sfi-move,0x55584f18,0x55583c40
sfi-move,0x55584f74,0x55583c9c
sfi-move,0x55584fd0,0x55583cf8
sfi-move,0x5558502c,0x55583d54
sfi-move,0x55585088,0x55583db0
sfi-move,0x555850e4,0x55583e0c
sfi-move,0x55585140,0x55583e68
sfi-move,0x5558519c,0x55583ec4
sfi-move,0x555851f8,0x55583f20
sfi-move,0x55585254,0x55583f7c
sfi-move,0x555852b0,0x55584020
sfi-move,0x5558530c,0x5558407c
sfi-move,0x55585368,0x555840d8
sfi-move,0x555853c4,0x55584134
sfi-move,0x55585420,0x55584190
sfi-move,0x5558547c,0x555841ec
sfi-move,0x555854d8,0x55584248
sfi-move,0x55585534,0x555842a4
sfi-move,0x55585590,0x55584300
sfi-move,0x555855ec,0x5558435c
sfi-move,0x55585648,0x555843b8
sfi-move,0x555856a4,0x55584414
sfi-move,0x55585700,0x55584470
sfi-move,0x5558575c,0x555844cc
sfi-move,0x555857b8,0x55584528
sfi-move,0x55585814,0x55584584
sfi-move,0x55585870,0x555845e0
sfi-move,0x555858cc,0x5558463c
sfi-move,0x55585928,0x55584698
sfi-move,0x55585984,0x555846f4
sfi-move,0x555859e0,0x55584750
sfi-move,0x55585a3c,0x555847ac
sfi-move,0x55585a98,0x55584808
sfi-move,0x55585af4,0x55584864
sfi-move,0x55585b50,0x555848c0
sfi-move,0x55585bac,0x5558491c
sfi-move,0x55585c08,0x55584978
sfi-move,0x55585c64,0x555849d4
sfi-move,0x55585cc0,0x55584a30
sfi-move,0x55585d1c,0x55584a8c
sfi-move,0x55585d78,0x55584ae8
sfi-move,0x55585dd4,0x55584b44
sfi-move,0x55585e30,0x55584ba0
sfi-move,0x55585e8c,0x55584bfc
sfi-move,0x55585ee8,0x55584c58
sfi-move,0x55585f44,0x55584cb4
sfi-move,0x55585fa0,0x55584d10
sfi-move,0x55586020,0x55584d6c
sfi-move,0x5558607c,0x55584dc8
sfi-move,0x555860d8,0x55584e24
sfi-move,0x55586134,0x55584e80
sfi-move,0x55586190,0x55584edc
sfi-move,0x555861ec,0x55584f38
sfi-move,0x55586248,0x55584f94
sfi-move,0x555862a4,0x55584ff0
sfi-move,0x55586300,0x5558504c
sfi-move,0x5558635c,0x555850a8
sfi-move,0x555863b8,0x55585104
sfi-move,0x55586414,0x55585160
sfi-move,0x55586470,0x555851bc
sfi-move,0x555864cc,0x55585218
sfi-move,0x55586528,0x55585274
sfi-move,0x55586584,0x555852d0
sfi-move,0x555865e0,0x5558532c
sfi-move,0x5558663c,0x55585388
sfi-move,0x55586698,0x555853e4
sfi-move,0x555866f4,0x55585440
sfi-move,0x55586750,0x5558549c
sfi-move,0x555867ac,0x555854f8
sfi-move,0x55586808,0x55585554
sfi-move,0x55586864,0x555855b0
sfi-move,0x555868c0,0x5558560c
sfi-move,0x5558691c,0x55585668
sfi-move,0x55586978,0x555856c4
sfi-move,0x555869d4,0x55585720
sfi-move,0x55586a30,0x5558577c
sfi-move,0x55586a8c,0x555857d8
sfi-move,0x55586ae8,0x55585834
sfi-move,0x55586b44,0x55585890
sfi-move,0x55586bc0,0x5558590c
sfi-move,0x5558794c,0x5558665c
sfi-move,0x555879a8,0x555866b8
sfi-move,0x55587a04,0x55586714
sfi-move,0x55587a60,0x55586770
sfi-move,0x55587abc,0x555867cc
sfi-move,0x55587b18,0x55586828
sfi-move,0x55587b74,0x55586884
sfi-move,0x55587bd0,0x555868e0
sfi-move,0x55587c2c,0x5558693c
sfi-move,0x55587c88,0x55586998
sfi-move,0x55587d04,0x55586a14
sfi-move,0x555880c8,0x55586d1c
sfi-move,0x55588124,0x55586d78
sfi-move,0x55588180,0x55586dd4
sfi-move,0x555881dc,0x55586e30
sfi-move,0x55588238,0x55586e8c
sfi-move,0x55588294,0x55586ee8
sfi-move,0x555882f0,0x55586f44
sfi-move,0x5558834c,0x55586fa0
sfi-move,0x555883a8,0x55586ffc
sfi-move,0x55588404,0x55587058
sfi-move,0x55588460,0x555870b4
sfi-move,0x555884bc,0x55587110
sfi-move,0x55588518,0x5558716c
sfi-move,0x55588574,0x555871c8
sfi-move,0x555885d0,0x55587224
sfi-move,0x5558864c,0x555872a0
sfi-move,0x5558894c,0x5558757c
sfi-move,0x555889c8,0x555875f8
sfi-move,0x55588a40,0x55587670
sfi-move,0x55588abc,0x555876ec
sfi-move,0x55588b38,0x55587768
sfi-move,0x561da294,0x55592184
sfi-move,0x561da3a8,0x55592298
sfi-move,0x561da428,0x55592318
code-move,0x56160020,0x56160020
code-move,0x56160160,0x56160160
code-move,0x561602a0,0x561602a0
code-move,0x561602e0,0x561602e0
code-move,0x56160320,0x56160320
code-move,0x56160360,0x56160360
code-move,0x561603a0,0x561603a0
code-move,0x561603e0,0x561603e0
code-move,0x56160420,0x56160420
code-move,0x56160460,0x56160460
code-move,0x561604a0,0x561604a0
code-move,0x561604e0,0x561604e0
code-move,0x56160520,0x56160520
code-move,0x56160560,0x56160560
code-move,0x561605a0,0x561605a0
code-move,0x561605e0,0x561605e0
code-move,0x56160620,0x56160620
code-move,0x56160660,0x56160660
code-move,0x561606a0,0x561606a0
code-move,0x561606e0,0x561606e0
code-move,0x56160720,0x56160720
code-move,0x56160760,0x56160760
code-move,0x56160840,0x56160840
code-move,0x561608c0,0x561608c0
code-move,0x56160b20,0x56160b20
code-move,0x56160d40,0x56160d40
code-move,0x56160f40,0x56160f40
code-move,0x56161020,0x56161020
code-move,0x561610e0,0x561610e0
code-move,0x56161160,0x56161160
code-move,0x561611e0,0x561611e0
code-move,0x56161280,0x56161280
code-move,0x56161320,0x56161320
code-move,0x561613a0,0x561613a0
code-move,0x56161400,0x56161400
code-move,0x56161440,0x56161440
code-move,0x561614a0,0x561614a0
code-move,0x561614e0,0x561614e0
code-move,0x56161540,0x56161540
code-move,0x561615a0,0x561615a0
code-move,0x561616e0,0x561616e0
code-move,0x56161740,0x56161740
code-move,0x561617a0,0x561617a0
code-move,0x56161840,0x56161840
code-move,0x561618e0,0x561618e0
code-move,0x56161a00,0x56161a00
code-move,0x56161a40,0x56161a40
code-move,0x56161a80,0x56161a80
code-move,0x56162020,0x56162020
code-move,0x561622c0,0x561622c0
code-move,0x56162340,0x56162340
code-move,0x561623a0,0x561623a0
code-move,0x56162440,0x56162440
code-move,0x561625c0,0x561625c0
code-move,0x561626e0,0x561626e0
code-move,0x56162740,0x56162740
code-move,0x561627a0,0x561627a0
code-move,0x56162840,0x56162840
code-move,0x561629c0,0x561629c0
code-move,0x56162ae0,0x56162ae0
code-move,0x56162b40,0x56162b40
code-move,0x56162b80,0x56162b80
code-move,0x56162cc0,0x56162cc0
code-move,0x56162d00,0x56162d00
code-move,0x56162e40,0x56162e40
code-move,0x56162fe0,0x56162fe0
code-move,0x561631a0,0x561631a0
code-move,0x56163400,0x56163400
code-move,0x56163660,0x56163660
code-move,0x56163820,0x56163820
code-move,0x56163b80,0x56163b80
code-move,0x56163c00,0x56163c00
code-move,0x56163c80,0x56163c80
code-move,0x56163d00,0x56163d00
code-move,0x56163d80,0x56163d80
code-move,0x56163e00,0x56163e00
code-move,0x56163e80,0x56163e80
code-move,0x56163f00,0x56163f00
code-move,0x56163f80,0x56163f80
code-move,0x56164020,0x56164020
code-move,0x56164080,0x56164080
code-move,0x561640c0,0x561640c0
code-move,0x56164400,0x56164400
code-move,0x561644e0,0x561644e0
code-move,0x561645c0,0x561645c0
code-move,0x56164be0,0x56164be0
code-move,0x56164d60,0x56164d60
code-move,0x56164e40,0x56164e40
code-move,0x56164ee0,0x56164ee0
code-move,0x56165380,0x56165380
code-move,0x56165840,0x56165840
code-move,0x56165b60,0x56165b60
code-move,0x56165ca0,0x56165ca0
code-move,0x56165de0,0x56165de0
code-move,0x56166020,0x56166020
code-move,0x56166160,0x56166160
code-move,0x561662a0,0x561662a0
code-move,0x56166460,0x56166460
code-move,0x561665a0,0x561665a0
code-move,0x56166680,0x56166680
code-move,0x56166760,0x56166760
code-move,0x561668a0,0x561668a0
code-move,0x56166a60,0x56166a60
code-move,0x56166ba0,0x56166ba0
code-move,0x56166c80,0x56166c80
code-move,0x56166d60,0x56166d60
code-move,0x56166f80,0x56166f80
code-move,0x56167060,0x56167060
code-move,0x56167120,0x56167120
code-move,0x56167400,0x56167400
code-move,0x56167480,0x56167480
code-move,0x561675a0,0x561675a0
code-move,0x561676c0,0x561676c0
code-move,0x561678a0,0x561678a0
code-move,0x56167a80,0x56167a80
code-move,0x56167b20,0x56167b20
code-move,0x56167bc0,0x56167bc0
code-move,0x56167c60,0x56167c60
code-move,0x56167d00,0x56167d00
code-move,0x56168020,0x56168020
code-move,0x561682a0,0x561682a0
code-move,0x56168540,0x56168540
code-move,0x561685e0,0x561685e0
code-move,0x56168680,0x56168680
code-move,0x56168720,0x56168720
code-move,0x561687e0,0x561687e0
code-move,0x56168ce0,0x56168ce0
code-move,0x56168dc0,0x56168dc0
code-move,0x56168ea0,0x56168ea0
code-move,0x56169d80,0x56169d80
code-move,0x56169e60,0x56169e60
code-move,0x5616a020,0x5616a020
code-move,0x5616a100,0x5616a100
code-move,0x5616a3a0,0x5616a3a0
code-move,0x5616a480,0x5616a480
code-move,0x5616a560,0x5616a560
code-move,0x5616a5c0,0x5616a5c0
code-move,0x5616a620,0x5616a620
code-move,0x5616a900,0x5616a900
code-move,0x5616a9a0,0x5616a9a0
code-move,0x5616aa40,0x5616aa40
code-move,0x5616ab60,0x5616aae0
code-move,0x5616abe0,0x5616ab60
code-move,0x5616ad20,0x5616aca0
code-move,0x5616ae00,0x5616ad80
code-move,0x5616b080,0x5616af60
code-move,0x5616b220,0x5616b100
code-move,0x5616b300,0x5616b1e0
code-move,0x5616b3e0,0x5616b2c0
code-move,0x5616b8c0,0x5616b7a0
code-move,0x5616b9a0,0x5616b880
code-move,0x5616ba80,0x5616b960
code-move,0x5616bb60,0x5616ba40
code-move,0x5616bca0,0x5616bb80
code-move,0x5616bd80,0x5616bc60
code-move,0x5616bee0,0x5616bdc0
code-move,0x5616c020,0x5616c020
code-move,0x5616c240,0x5616c240
code-move,0x5616c320,0x5616c320
code-move,0x5616c7e0,0x5616c7e0
code-move,0x5616c8c0,0x5616c8c0
code-move,0x5616c920,0x5616c920
code-move,0x5616c9c0,0x5616c9c0
code-move,0x5616ca20,0x5616ca20
code-move,0x5616ca80,0x5616ca80
code-move,0x5616cb80,0x5616cb80
code-move,0x5616d0c0,0x5616d0c0
code-move,0x5616d200,0x5616d200
code-move,0x5616d320,0x5616d320
code-move,0x5616d3e0,0x5616d3e0
code-move,0x5616d540,0x5616d540
code-move,0x5616d600,0x5616d600
code-move,0x5616d700,0x5616d700
code-move,0x5616d800,0x5616d800
code-move,0x5616d8e0,0x5616d8e0
code-move,0x5616e020,0x5616e020
code-move,0x5616eda0,0x5616eda0
code-move,0x5616ee80,0x5616ee80
code-move,0x5616ef60,0x5616ef60
code-move,0x5616f1a0,0x5616f1a0
code-move,0x5616f3a0,0x5616f3a0
code-move,0x5616f720,0x5616f480
code-move,0x5616f800,0x5616f560
code-move,0x5616f900,0x5616f660
code-move,0x5616f9c0,0x5616f720
code-move,0x5616fe60,0x5616fbc0
code-move,0x56170020,0x5616fd60
code-move,0x56170100,0x56170020
code-move,0x56170860,0x56170780
code-move,0x561709a0,0x56170860
code-move,0x56170b00,0x56170940
code-move,0x56170c20,0x56170a60
code-move,0x56170de0,0x56170c20
code-move,0x561710e0,0x56170f20
code-move,0x56171140,0x56170f80
code-move,0x56171220,0x56171060
code-move,0x561718e0,0x56171720
code-move,0x561719c0,0x56171800
code-move,0x56172020,0x56172020
code-move,0x561735c0,0x561735c0
code-move,0x56173680,0x56173680
code-move,0x561736e0,0x561736e0
code-move,0x561737c0,0x561737c0
code-move,0x56173a60,0x56173a60
code-move,0x56174020,0x56174020
code-move,0x561745e0,0x561745e0
code-move,0x56174ba0,0x56174ba0
code-move,0x56174c40,0x56174c40
code-move,0x56174ee0,0x56174e80
code-move,0x56175100,0x561750a0
code-move,0x561751a0,0x56175140
code-move,0x56175520,0x561753e0
code-move,0x56175720,0x561754c0
code-move,0x561757e0,0x56175580
code-move,0x56175920,0x561756c0
code-move,0x561759e0,0x56175780
code-move,0x56175ae0,0x56175880
code-move,0x56175c80,0x56175a20
code-move,0x56175d80,0x56175b20
code-move,0x56176020,0x56175d00
code-move,0x56176300,0x56176020
code-move,0x56176540,0x56176260
code-move,0x56176740,0x56176320
code-move,0x56176940,0x561763e0
code-move,0x56176b40,0x561764a0
code-move,0x56176ba0,0x56176500
code-move,0x56176ec0,0x56176820
code-move,0x56176f40,0x561768a0
code-move,0x56176fc0,0x56176920
code-move,0x56177040,0x561769a0
code-move,0x561770c0,0x56176a20
code-move,0x56177140,0x56176aa0
code-move,0x56177260,0x56176bc0
code-move,0x561773c0,0x56176d20
code-move,0x561775c0,0x56176e40
code-move,0x56177640,0x56176ec0
code-move,0x561776c0,0x56176f40
code-move,0x56177740,0x56176fc0
code-move,0x56178200,0x561772a0
code-move,0x56178600,0x56177360
code-move,0x56178660,0x561773c0
code-move,0x56178960,0x56177600
code-move,0x561789e0,0x56177680
code-move,0x56178ac0,0x56177700
code-move,0x56178ba0,0x56177780
code-move,0x56179260,0x56177860
code-move,0x561793a0,0x561779a0
code-move,0x56179480,0x56178020
code-move,0x56179d40,0x561787a0
code-move,0x5617a020,0x56178840
code-move,0x5617a9c0,0x561791e0
code-move,0x5617ab80,0x561793a0
code-move,0x5617ad00,0x56179520
code-move,0x5617ade0,0x56179600
code-move,0x5617aee0,0x56179700
code-move,0x5617afc0,0x561797e0
code-move,0x5617b0a0,0x5617a020
code-move,0x5617ba00,0x5617a980
code-move,0x5617bae0,0x5617aa60
code-move,0x5617bbc0,0x5617ab40
code-move,0x5617bce0,0x5617ac60
code-move,0x5617c020,0x5617ad80
code-move,0x5617c260,0x5617afc0
code-move,0x5617c340,0x5617b0a0
code-move,0x5617c400,0x5617b160
code-move,0x5617c480,0x5617b1e0
code-move,0x5617c580,0x5617b2e0
code-move,0x5617c5e0,0x5617b340
code-move,0x5617c6c0,0x5617b420
code-move,0x5617c7a0,0x5617c020
code-move,0x5617d780,0x5617d000
code-move,0x5617d8e0,0x5617d160
code-move,0x5617d9c0,0x5617d240
code-move,0x5617dbc0,0x5617d440
code-move,0x5617dca0,0x5617d520
code-move,0x5617dd00,0x5617d580
code-move,0x5617dd60,0x5617d5e0
